<?xml version="1.0" encoding="UTF-8"?>
<!-- Generated by org.testng.reporters.JUnitReportReporter -->
<testsuite hostname="MadhuYadav" failures="0" tests="1" name="Excel" time="8.105" errors="0" timestamp="2023-09-22T15:47:47 IST" skipped="0">
  <testcase classname="Excel" name="tc001" time="8.105">
    <system-out>
      <![CDATA[nareshit
nareshit
Application opened
Login completed
Logout completed]]>
    </system-out>
  </testcase> <!-- tc001 -->
  <system-out>
    <![CDATA[nareshit
nareshit
Application opened
Login completed
Logout completed]]>
  </system-out>
</testsuite> <!-- Excel -->
