<?xml version="1.0" encoding="UTF-8"?>
<!-- Generated by org.testng.reporters.JUnitReportReporter -->
<testsuite hostname="MadhuYadav" failures="0" tests="4" name="Testng_Program.testng1$Exp_testng" time="0.008" errors="0" timestamp="2023-09-21T16:21:31 IST" skipped="0">
  <testcase classname="Testng_Program.testng1$Exp_testng" name="login" time="0.001"/>
  <testcase classname="Testng_Program.testng1$Exp_testng" name="addemp" time="0.005"/>
  <testcase classname="Testng_Program.testng1$Exp_testng" name="logout" time="0.001"/>
  <testcase classname="Testng_Program.testng1$Exp_testng" name="delemp" time="0.001"/>
</testsuite> <!-- Testng_Program.testng1$Exp_testng -->
